app/build/outputs/logs/manifest-merger-debug-report.txt
-- Merging decision tree log ---
manifest
ADDED from src/main/AndroidManifest.xml:2:1-37:12
	xmlns:android
		ADDED from src/main/AndroidManifest.xml:2:11-69
	package
		ADDED from src/main/AndroidManifest.xml:3:7-33
		INJECTED from src/main/AndroidManifest.xml
		INJECTED from src/main/AndroidManifest.xml
	android:versionName
		ADDED from src/main/AndroidManifest.xml:3:34-71
		INJECTED from src/main/AndroidManifest.xml
		INJECTED from src/main/AndroidManifest.xml
	android:versionCode
		ADDED from src/main/AndroidManifest.xml:3:103-127
		INJECTED from src/main/AndroidManifest.xml
		INJECTED from src/main/AndroidManifest.xml
	android:installLocation
		ADDED from src/main/AndroidManifest.xml:3:72-102
uses-feature#android.hardware.touchscreen
ADDED from src/main/AndroidManifest.xml:4:1-6:32
	android:required
		ADDED from src/main/AndroidManifest.xml:6:5-29
	android:name
		ADDED from src/main/AndroidManifest.xml:5:5-48
supports-screens
ADDED from src/main/AndroidManifest.xml:7:5-12:34
	android:resizeable
		ADDED from src/main/AndroidManifest.xml:8:6-31
	android:largeScreens
		ADDED from src/main/AndroidManifest.xml:11:6-33
	android:anyDensity
		ADDED from src/main/AndroidManifest.xml:12:6-31
	android:normalScreens
		ADDED from src/main/AndroidManifest.xml:10:6-34
	android:smallScreens
		ADDED from src/main/AndroidManifest.xml:9:6-33
uses-sdk
ADDED from src/main/AndroidManifest.xml:13:1-68
	android:targetSdkVersion
		ADDED from src/main/AndroidManifest.xml:13:37-66
		INJECTED from src/main/AndroidManifest.xml
		INJECTED from src/main/AndroidManifest.xml
	android:minSdkVersion
		ADDED from src/main/AndroidManifest.xml:13:11-36
		INJECTED from src/main/AndroidManifest.xml
		INJECTED from src/main/AndroidManifest.xml
application
ADDED from src/main/AndroidManifest.xml:14:5-36:19
	android:label
		ADDED from src/main/AndroidManifest.xml:14:48-80
	android:icon
		ADDED from src/main/AndroidManifest.xml:14:18-47
activity#com.finance.real.EnglishSpeaker
ADDED from src/main/AndroidManifest.xml:15:9-22:20
	android:label
		ADDED from src/main/AndroidManifest.xml:16:27-59
	android:theme
		ADDED from src/main/AndroidManifest.xml:17:19-66
	android:name
		ADDED from src/main/AndroidManifest.xml:15:19-49
intent-filter#android.intent.action.MAIN+android.intent.category.LAUNCHER
ADDED from src/main/AndroidManifest.xml:18:13-21:29
action#android.intent.action.MAIN
ADDED from src/main/AndroidManifest.xml:19:17-69
	android:name
		ADDED from src/main/AndroidManifest.xml:19:25-66
category#android.intent.category.LAUNCHER
ADDED from src/main/AndroidManifest.xml:20:17-77
	android:name
		ADDED from src/main/AndroidManifest.xml:20:27-74
activity#com.finance.real.VoiceRecognition
ADDED from src/main/AndroidManifest.xml:23:17-29:20
	android:screenOrientation
		ADDED from src/main/AndroidManifest.xml:24:10-46
	android:name
		ADDED from src/main/AndroidManifest.xml:23:27-59
intent-filter#android.intent.action.MAINold+android.intent.category.DUNNO
ADDED from src/main/AndroidManifest.xml:25:17-28:25
action#android.intent.action.MAINold
ADDED from src/main/AndroidManifest.xml:26:13-68
	android:name
		ADDED from src/main/AndroidManifest.xml:26:21-65
category#android.intent.category.DUNNO
ADDED from src/main/AndroidManifest.xml:27:13-70
	android:name
		ADDED from src/main/AndroidManifest.xml:27:23-67
activity#com.finance.real.TextViews
ADDED from src/main/AndroidManifest.xml:30:17-35:20
	android:name
		ADDED from src/main/AndroidManifest.xml:30:27-52